#
# There is insufficient memory for the Java Runtime Environment to continue.
# Native memory allocation (malloc) failed to allocate 1048576 bytes for AllocateHeap
# Possible reasons:
#   The system is out of physical RAM or swap space
#   The process is running with CompressedOops enabled, and the Java Heap may be blocking the growth of the native heap
# Possible solutions:
#   Reduce memory load on the system
#   Increase physical memory or swap space
#   Check if swap backing store is full
#   Decrease Java heap size (-Xmx/-Xms)
#   Decrease number of Java threads
#   Decrease Java thread stack sizes (-Xss)
#   Set larger code cache with -XX:ReservedCodeCacheSize=
# This output file may be truncated or incomplete.
#
#  Out of Memory Error (./src/hotspot/share/memory/allocation.cpp:46), pid=3688, tid=7576
#
# JRE version:  (11.0.11+9) (build )
# Java VM: OpenJDK 64-Bit Server VM (11.0.11+9-b1341.60, mixed mode, sharing, tiered, compressed oops, g1 gc, windows-amd64)
# No core dump will be written. Minidumps are not enabled by default on client versions of Windows
#

---------------  S U M M A R Y ------------

Command Line: org.jetbrains.git4idea.http.GitAskPassApp Username for 'https://github.com': 

Host: Intel(R) Core(TM) i7-5500U CPU @ 2.40GHz, 4 cores, 7G,  Windows 10 , 64 bit Build 19041 (10.0.19041.1023)
Time: Thu Jul 15 16:28:43 2021 ora legale Europa occidentale elapsed time: 0.015790 seconds (0d 0h 0m 0s)

---------------  T H R E A D  ---------------

Current thread (0x00000264d2b10800):  JavaThread "Unknown thread" [_thread_in_vm, id=7576, stack(0x000000a618000000,0x000000a618100000)]

Stack: [0x000000a618000000,0x000000a618100000]
Native frames: (J=compiled Java code, j=interpreted, Vv=VM code, C=native code)
V  [jvm.dll+0x5f5c8a]
V  [jvm.dll+0x779405]
V  [jvm.dll+0x77aa1d]
V  [jvm.dll+0x77b0d3]
V  [jvm.dll+0x244bc8]
V  [jvm.dll+0xb4cc4]
V  [jvm.dll+0x2e33a7]
V  [jvm.dll+0x2dc50a]
V  [jvm.dll+0x757bf7]
V  [jvm.dll+0x7593ec]
V  [jvm.dll+0x35b8d9]
V  [jvm.dll+0x73b38e]
V  [jvm.dll+0x3c3cc3]
V  [jvm.dll+0x3c60e1]
C  [jli.dll+0x5373]
C  [ucrtbase.dll+0x21bb2]
C  [KERNEL32.DLL+0x17034]
C  [ntdll.dll+0x52651]


---------------  P R O C E S S  ---------------

Threads class SMR info:
_java_thread_list=0x00000264d08758b0, length=0, elements={
}

Java Threads: ( => current thread )

Other Threads:
  0x00000264d2b2a800 GCTaskThread "GC Thread#0" [stack: 0x000000a618100000,0x000000a618200000] [id=12372]

[error occurred during error reporting (printing all threads), id 0xc0000005, EXCEPTION_ACCESS_VIOLATION (0xc0000005) at pc=0x00007ff9366f87d0]

VM state:not at safepoint (not fully initialized)

VM Mutex/Monitor currently owned by a thread:  ([mutex/lock_event])
[0x00000264d2b0e0c0] Heap_lock - owner thread: 0x00000264d2b10800

Heap address: 0x0000000081600000, size: 2026 MB, Compressed Oops mode: Non-zero based: 0x0000000081600000
Narrow klass base: 0x0000000000000000, Narrow klass shift: 0

GC Heap History (0 events):
No events

Deoptimization events (0 events):
No events

Classes redefined (0 events):
No events

Internal exceptions (0 events):
No events

Events (1 events):
Event: 0.011 Loaded shared library C:\Program Files\PyCharm Community Edition 2021.1.2\jbr\bin\zip.dll


Dynamic libraries:
0x00007ff66f300000 - 0x00007ff66f30a000 	C:\Program Files\PyCharm Community Edition 2021.1.2\jbr\bin\java.exe
0x00007ff9715b0000 - 0x00007ff9717a5000 	C:\WINDOWS\SYSTEM32\ntdll.dll
0x00007ff9703d0000 - 0x00007ff97048d000 	C:\WINDOWS\System32\KERNEL32.DLL
0x00007ff96efb0000 - 0x00007ff96f279000 	C:\WINDOWS\System32\KERNELBASE.dll
0x00007ff96f280000 - 0x00007ff96f380000 	C:\WINDOWS\System32\ucrtbase.dll
0x00007ff96a020000 - 0x00007ff96a037000 	C:\Program Files\PyCharm Community Edition 2021.1.2\jbr\bin\VCRUNTIME140.dll
0x00007ff96a040000 - 0x00007ff96a059000 	C:\Program Files\PyCharm Community Edition 2021.1.2\jbr\bin\jli.dll
0x00007ff9700f0000 - 0x00007ff970290000 	C:\WINDOWS\System32\USER32.dll
0x00007ff95b240000 - 0x00007ff95b4da000 	C:\WINDOWS\WinSxS\amd64_microsoft.windows.common-controls_6595b64144ccf1df_6.0.19041.1083_none_60bbe31371f34e71\COMCTL32.dll
0x00007ff96f4e0000 - 0x00007ff96f502000 	C:\WINDOWS\System32\win32u.dll
0x00007ff970900000 - 0x00007ff97099e000 	C:\WINDOWS\System32\msvcrt.dll
0x00007ff970c30000 - 0x00007ff970c5a000 	C:\WINDOWS\System32\GDI32.dll
0x00007ff96f510000 - 0x00007ff96f61b000 	C:\WINDOWS\System32\gdi32full.dll
0x00007ff96ee00000 - 0x00007ff96ee9d000 	C:\WINDOWS\System32\msvcp_win.dll
0x00007ff970d40000 - 0x00007ff970d70000 	C:\WINDOWS\System32\IMM32.DLL
0x00007ff960a80000 - 0x00007ff960b1d000 	C:\Program Files\PyCharm Community Edition 2021.1.2\jbr\bin\msvcp140.dll
0x00007ff936410000 - 0x00007ff936f59000 	C:\Program Files\PyCharm Community Edition 2021.1.2\jbr\bin\server\jvm.dll
0x00007ff9710d0000 - 0x00007ff97117c000 	C:\WINDOWS\System32\ADVAPI32.dll
0x00007ff96f890000 - 0x00007ff96f92b000 	C:\WINDOWS\System32\sechost.dll
0x00007ff96f760000 - 0x00007ff96f88a000 	C:\WINDOWS\System32\RPCRT4.dll
0x00007ff970d30000 - 0x00007ff970d38000 	C:\WINDOWS\System32\PSAPI.DLL
0x00007ff96d480000 - 0x00007ff96d489000 	C:\WINDOWS\SYSTEM32\WSOCK32.dll
0x00007ff971500000 - 0x00007ff97156b000 	C:\WINDOWS\System32\WS2_32.dll
0x00007ff95b8a0000 - 0x00007ff95b8c7000 	C:\WINDOWS\SYSTEM32\WINMM.dll
0x00007ff9616e0000 - 0x00007ff9616ea000 	C:\WINDOWS\SYSTEM32\VERSION.dll
0x00007ff96d5c0000 - 0x00007ff96d5d2000 	C:\WINDOWS\SYSTEM32\kernel.appcore.dll
0x00007ff96a000000 - 0x00007ff96a011000 	C:\Program Files\PyCharm Community Edition 2021.1.2\jbr\bin\verify.dll
0x00007ff95aa80000 - 0x00007ff95ac64000 	C:\WINDOWS\SYSTEM32\DBGHELP.DLL
0x00007ff95a9b0000 - 0x00007ff95a9dc000 	C:\WINDOWS\SYSTEM32\dbgcore.DLL
0x00007ff96eea0000 - 0x00007ff96ef23000 	C:\WINDOWS\System32\bcryptPrimitives.dll
0x00007ff9688e0000 - 0x00007ff968909000 	C:\Program Files\PyCharm Community Edition 2021.1.2\jbr\bin\java.dll
0x00007ff96a390000 - 0x00007ff96a39b000 	C:\Program Files\PyCharm Community Edition 2021.1.2\jbr\bin\jimage.dll
0x00007ff969f80000 - 0x00007ff969f98000 	C:\Program Files\PyCharm Community Edition 2021.1.2\jbr\bin\zip.dll

dbghelp: loaded successfully - version: 4.0.5 - missing functions: none
symbol engine: initialized successfully - sym options: 0x614 - pdb path: .;C:\Program Files\PyCharm Community Edition 2021.1.2\jbr\bin;C:\WINDOWS\SYSTEM32;C:\WINDOWS\WinSxS\amd64_microsoft.windows.common-controls_6595b64144ccf1df_6.0.19041.1083_none_60bbe31371f34e71;C:\Program Files\PyCharm Community Edition 2021.1.2\jbr\bin\server

VM Arguments:
java_command: org.jetbrains.git4idea.http.GitAskPassApp Username for 'https://github.com': 
java_class_path (initial): C:/Program Files/PyCharm Community Edition 2021.1.2/plugins/git4idea/lib/git4idea-rt.jar;C:/Program Files/PyCharm Community Edition 2021.1.2/lib/xmlrpc-2.0.1.jar;C:/Program Files/PyCharm Community Edition 2021.1.2/lib/commons-codec-1.15.jar
Launcher Type: SUN_STANDARD

[Global flags]
     intx CICompilerCount                          = 3                                         {product} {ergonomic}
     uint ConcGCThreads                            = 1                                         {product} {ergonomic}
     uint G1ConcRefinementThreads                  = 4                                         {product} {ergonomic}
   size_t G1HeapRegionSize                         = 1048576                                   {product} {ergonomic}
    uintx GCDrainStackTargetSize                   = 64                                        {product} {ergonomic}
   size_t InitialHeapSize                          = 134217728                                 {product} {ergonomic}
   size_t MarkStackSize                            = 4194304                                   {product} {ergonomic}
   size_t MaxHeapSize                              = 2124414976                                {product} {ergonomic}
   size_t MinHeapDeltaBytes                        = 1048576                                   {product} {ergonomic}
    uintx NonNMethodCodeHeapSize                   = 5830732                                {pd product} {ergonomic}
    uintx NonProfiledCodeHeapSize                  = 122913754                              {pd product} {ergonomic}
    uintx ProfiledCodeHeapSize                     = 122913754                              {pd product} {ergonomic}
    uintx ReservedCodeCacheSize                    = 251658240                              {pd product} {ergonomic}
     bool SegmentedCodeCache                       = true                                      {product} {ergonomic}
     bool UseCompressedClassPointers               = true                                 {lp64_product} {ergonomic}
     bool UseCompressedOops                        = true                                 {lp64_product} {ergonomic}
     bool UseG1GC                                  = true                                      {product} {ergonomic}
     bool UseLargePagesIndividualAllocation        = false                                  {pd product} {ergonomic}

Logging:
Log output configuration:
 #0: stdout all=warning uptime,level,tags
 #1: stderr all=off uptime,level,tags

Environment Variables:
PATH=C:\Program Files\Git\mingw64\libexec\git-core;C:\Program Files\Git\mingw64\libexec\git-core;C:\Program Files\Git\mingw64\bin;C:\Program Files\Git\usr\bin;C:\Users\Jonathan\bin;C:\Users\Jonathan\Anaconda3\Scripts;C:\Program Files\Dell\DW WLAN Card;C:\Program Files (x86)\Intel\iCLS Client;C:\Program Files\Intel\iCLS Client;C:\Program Files (x86)\Common Files\Oracle\Java\javapath;C:\PROGRAMDATA\ORACLE\JAVA\JAVAPATH;C:\WINDOWS\SYSTEM32;C:\WINDOWS;C:\WINDOWS\SYSTEM32\WBEM;C:\WINDOWS\SYSTEM32\WINDOWSPOWERSHELL\V1.0;C:\PROGRAM FILES (X86)\GTKSHARP\2.12\BIN;C:\Program Files\WIDCOMM\Bluetooth Software;C:\Program Files\WIDCOMM\Bluetooth Software\syswow64;C:\Program Files (x86)\IVI Foundation\VISA\WinNT\Bin;C:\Program Files\IVI Foundation\VISA\Win64\Bin;C:\WINDOWS\system32;C:\WINDOWS;C:\WINDOWS\System32\Wbem;C:\WINDOWS\System32\WindowsPowerShell\v1.0;C:\Program Files\Keysight\IO Libraries Suite\bin;C:\Program Files\IVI Foundation\VISA\Win64\ktvisa;C:\Program Files (x86)\Keysight\IO Libraries Suite\bin;C:\Program Files (x86)\IVI Foundation\VISA\WinNT\ktvisa;C:\Program Files (x86)\IVI Foundation\IVI\bin;C:\Program Files\IVI Foundation\IVI\bin;C:\Program Files (x86)\IVI Foundation\VISA\winnt\agvisa;C:\Program Files (x86)\Intel\Intel(R) Management Engine Components\DAL;C:\Program Files\Intel\Intel(R) Management Engine Components\DAL;C:\Program Files (x86)\Intel\Intel(R) Management Engine Components\IPT;C:\Program Files\Intel\Intel(R) Management Engine Components\IPT;C:\WINDOWS\System32\OpenSSH;C:\Program Files\Git\cmd;C:\Program Files\Graphviz\bin;C:\Program Files\Graphviz\bin\dot.exe;C:\Users\Jonathan\AppData\Local\Programs\Python\Python39\Scripts;C:\Users\Jonathan\AppData\Local\Programs\Python\Python39;C:\Users\Jonathan\anaconda3;C:\Users\Jonathan\anaconda3\Library\mingw-w64\bin;C:\Users\Jonathan\anaconda3\Library\usr\bin;C:\Users\Jonathan\anaconda3\Library\bin;C:\Users\Jonathan\anaconda3\Scripts;C:\Users\Jonathan\AppData\Local\Microsoft\WindowsApps;C:\Users\Jonathan\AppData\L
USERNAME=Jonathan
DISPLAY=:0.0
LC_ALL=en_US.UTF-8
OS=Windows_NT
PROCESSOR_IDENTIFIER=Intel64 Family 6 Model 61 Stepping 4, GenuineIntel



---------------  S Y S T E M  ---------------

OS: Windows 10 , 64 bit Build 19041 (10.0.19041.1023)
OS uptime: 0 days 1:13 hours
Hyper-V role detected

CPU:total 4 (initial active 4) (2 cores per cpu, 2 threads per core) family 6 model 61 stepping 4 microcode 0x2f, cmov, cx8, fxsr, mmx, sse, sse2, sse3, ssse3, sse4.1, sse4.2, popcnt, avx, avx2, aes, clmul, erms, 3dnowpref, lzcnt, ht, tsc, tscinvbit, bmi1, bmi2, adx, fma

Memory: 4k page, system-wide physical 8096M (1152M free)
TotalPageFile size 10004M (AvailPageFile size 5M)
current process WorkingSet (physical memory assigned to process): 9M, peak: 9M
current process commit charge ("private bytes"): 48M, peak: 49M

vm_info: OpenJDK 64-Bit Server VM (11.0.11+9-b1341.60) for windows-amd64 JRE (11.0.11+9-b1341.60), built on Jun  4 2021 08:17:54 by "" with MS VC++ 14.0 (VS2015)

END.
